#
# A fatal error has been detected by the Java Runtime Environment:
#
#  EXCEPTION_ACCESS_VIOLATION (0xc0000005) at pc=0x000000006aa5a4ed, pid=17352, tid=804
#
# JRE version: Java(TM) SE Runtime Environment (15.0.1+9) (build 15.0.1+9-18)
# Java VM: Java HotSpot(TM) 64-Bit Server VM (15.0.1+9-18, mixed mode, sharing, tiered, compressed oops, g1 gc, windows-amd64)
# Problematic frame:
# C  [Controller.dll+0x1a4ed]
#
# No core dump will be written. Minidumps are not enabled by default on client versions of Windows
#
# If you would like to submit a bug report, please visit:
#   https://bugreport.java.com/bugreport/crash.jsp
# The crash happened outside the Java Virtual Machine in native code.
# See problematic frame for where to report the bug.
#

---------------  S U M M A R Y ------------

Command Line: -Djava.library.path=D:/programs/WeBot/Webots/lib/controller/java FFTController

Host: Intel(R) Core(TM) i7-7700HQ CPU @ 2.80GHz, 8 cores, 7G,  Windows 10 , 64 bit Build 18362 (10.0.18362.1316)
Time: Thu Jan 14 20:13:26 2021 W. Europe Standard Time elapsed time: 0.182158 seconds (0d 0h 0m 0s)

---------------  T H R E A D  ---------------

Current thread (0x0000017d5e5d4db0):  JavaThread "main" [_thread_in_native, id=804, stack(0x0000000cf9d00000,0x0000000cf9e00000)]

Stack: [0x0000000cf9d00000,0x0000000cf9e00000],  sp=0x0000000cf9dfde20,  free space=1015k
Native frames: (J=compiled Java code, j=interpreted, Vv=VM code, C=native code)
C  [Controller.dll+0x1a4ed]

Java frames: (J=compiled Java code, j=interpreted, Vv=VM code)
j  com.cyberbotics.webots.controller.wrapperJNI.new_Supervisor()J+0
j  com.cyberbotics.webots.controller.Supervisor.<init>()V+1
j  Webots.Supervisor.<clinit>()V+8
v  ~StubRoutines::call_stub
j  FFTController.createSimpleEDMOStructure(LUtility/Vector;II)LWebots/EDMOCollection;+26
j  FFTController.runExperiment(IIII)V+24
j  FFTController.main([Ljava/lang/String;)V+41
v  ~StubRoutines::call_stub

siginfo: EXCEPTION_ACCESS_VIOLATION (0xc0000005), reading address 0x0000000000000000


Register to memory mapping:

RIP=0x000000006aa5a4ed Controller.dll
RAX=0x0 is NULL
RBX=0x0000017d7dde2c70 points into unknown readable memory: 0x0000017d7dde2ce0 | e0 2c de 7d 7d 01 00 00
RCX=0x0 is NULL
RDX=0x0 is NULL
RSP=0x0000000cf9dfde20 is pointing into the stack for thread: 0x0000017d5e5d4db0
RBP=0x0000000cf9dfe350 is pointing into the stack for thread: 0x0000017d5e5d4db0
RSI=0x0 is NULL
RDI=0x000000006aa58a20 Controller.dll
R8 =0x0000000cf9dfdd88 is pointing into the stack for thread: 0x0000017d5e5d4db0
R9 =0x0000000cf9dfe350 is pointing into the stack for thread: 0x0000017d5e5d4db0
R10=0x0 is NULL
R11=0x0000000000000246 is an unknown value
R12=0x0000017d7dde2c70 points into unknown readable memory: 0x0000017d7dde2ce0 | e0 2c de 7d 7d 01 00 00
R13={method} {0x0000017d7d50ea08} 'new_Supervisor' '()J' in 'com/cyberbotics/webots/controller/wrapperJNI'
R14=0x0000000cf9dfe3d8 is pointing into the stack for thread: 0x0000017d5e5d4db0
R15=0x0000017d5e5d4db0 is a thread


Registers:
RAX=0x0000000000000000, RBX=0x0000017d7dde2c70, RCX=0x0000000000000000, RDX=0x0000000000000000
RSP=0x0000000cf9dfde20, RBP=0x0000000cf9dfe350, RSI=0x0000000000000000, RDI=0x000000006aa58a20
R8 =0x0000000cf9dfdd88, R9 =0x0000000cf9dfe350, R10=0x0000000000000000, R11=0x0000000000000246
R12=0x0000017d7dde2c70, R13=0x0000017d7d50ea00, R14=0x0000000cf9dfe3d8, R15=0x0000017d5e5d4db0
RIP=0x000000006aa5a4ed, EFLAGS=0x0000000000010246

Top of Stack: (sp=0x0000000cf9dfde20)
0x0000000cf9dfde20:   0000017d7dde2c70 0000000cf9dfe350
0x0000000cf9dfde30:   0000000000000000 0000000cf9dfe9a0
0x0000000cf9dfde40:   0000000cf9dfded0 00007ffece3f7df8
0x0000000cf9dfde50:   0000b5eb41acf88c 00007fff3c5fb91f
0x0000000cf9dfde60:   0000000000080018 0000000000000110
0x0000000cf9dfde70:   0000000cf9dfded0 00007ffece524766
0x0000000cf9dfde80:   0000000cf9dfdfd8 0000000000000000
0x0000000cf9dfde90:   0000017d5e5d4db0 0000017d5c4c1470
0x0000000cf9dfdea0:   0000017d5c4d4d40 0000017d5c4d4d90
0x0000000cf9dfdeb0:   0000017d5c4d4e28 00000000000000d8
0x0000000cf9dfdec0:   0000000cf9dfe780 0000000cf9dfdf58
0x0000000cf9dfded0:   0000000cf9dfe320 0000017d5e5d4db0
0x0000000cf9dfdee0:   0000017d5e5d5290 0000000cf9dfe320
0x0000000cf9dfdef0:   0000000cf9dfe120 0000000089b5c1b8
0x0000000cf9dfdf00:   0000017d5e5d52e0 00007ffece83adc2
0x0000000cf9dfdf10:   00007ffece5612f0 0000000089b5c1b8 

Instructions: (pc=0x000000006aa5a4ed)
0x000000006aa5a3ed:   ef 11 00 00 85 c0 0f 84 76 02 00 00 4c 89 e1 48
0x000000006aa5a3fd:   8d 3d fd eb ff ff e8 b8 7d 04 00 b9 08 00 00 00
0x000000006aa5a40d:   c7 05 45 0f 06 00 01 00 00 00 e8 4c 7d 04 00 b9
0x000000006aa5a41d:   40 00 00 00 48 89 c3 48 89 05 15 0f 06 00 e8 38
0x000000006aa5a42d:   7d 04 00 31 c9 45 31 c0 31 d2 48 89 78 20 48 8d
0x000000006aa5a43d:   3d 2e e6 ff ff 48 89 78 28 48 8d 3d d3 e5 ff ff
0x000000006aa5a44d:   48 89 03 48 c7 40 08 00 00 00 00 c7 00 1f 00 00
0x000000006aa5a45d:   00 48 c7 40 30 00 00 00 00 c6 05 ab 0f 06 00 01
0x000000006aa5a46d:   ff 15 4d 9f 06 00 31 c9 c6 05 6d 0f 06 00 00 48
0x000000006aa5a47d:   89 05 ad 0e 06 00 48 8b 05 b6 0e 06 00 c7 05 51
0x000000006aa5a48d:   0f 06 00 00 00 00 00 48 c7 05 59 0f 06 00 00 00
0x000000006aa5a49d:   00 00 48 8b 00 c7 05 44 0f 06 00 00 00 00 00 48
0x000000006aa5a4ad:   89 78 38 48 c7 05 4d 0f 06 00 00 00 00 00 c7 05
0x000000006aa5a4bd:   3b 0f 06 00 00 00 00 00 c7 05 41 0f 06 00 ff ff
0x000000006aa5a4cd:   ff ff e8 7c fa ff ff 83 f8 ff 0f 84 d3 00 00 00
0x000000006aa5a4dd:   e8 7e da ff ff 84 c0 75 10 48 8b 0d bb 0e 06 00
0x000000006aa5a4ed:   80 39 00 0f 85 ca 00 00 00 80 3d e8 0e 06 00 00
0x000000006aa5a4fd:   74 0d 80 3d e0 0e 06 00 00 0f 84 f4 00 00 00 48
0x000000006aa5a50d:   8d 0d dd e7 ff ff c6 05 4e 0e 06 00 00 e8 51 6e
0x000000006aa5a51d:   fe ff c6 05 fa 0d 06 00 01 48 81 c4 38 04 00 00
0x000000006aa5a52d:   5b 5e 5f 5d 41 5c 41 5d 41 5e 41 5f e9 f2 18 ff
0x000000006aa5a53d:   ff 66 90 83 fb 01 48 89 fe b9 02 00 00 00 4d 89
0x000000006aa5a54d:   ef 48 0f 45 f5 41 ff d5 41 89 d9 48 8d 15 19 03
0x000000006aa5a55d:   05 00 4d 89 f0 48 89 74 24 20 48 89 c1 e8 f1 e7
0x000000006aa5a56d:   ff ff e9 f6 fd ff ff 0f 1f 40 00 4c 89 f1 e8 98
0x000000006aa5a57d:   7c 04 00 49 89 c4 83 fb 0a 0f 85 54 fe ff ff 4c
0x000000006aa5a58d:   8b 3d 7d 8c 04 00 e9 2f fe ff ff 0f 1f 84 00 00
0x000000006aa5a59d:   00 00 00 48 89 c1 e8 70 7c 04 00 49 89 c4 e9 30
0x000000006aa5a5ad:   fe ff ff e8 db e7 ff ff 31 c9 e8 44 7c 04 00 0f
0x000000006aa5a5bd:   1f 40 00 e8 3b d7 ff ff e8 96 d9 ff ff 84 c0 0f
0x000000006aa5a5cd:   85 24 ff ff ff 48 8b 1d cf 0d 06 00 b9 02 00 00
0x000000006aa5a5dd:   00 ff 15 2c 8c 04 00 48 8d 15 f5 02 05 00 48 89 


Stack slot to memory mapping:
stack at sp + 0 slots: 0x0000017d7dde2c70 points into unknown readable memory: 0x0000017d7dde2ce0 | e0 2c de 7d 7d 01 00 00
stack at sp + 1 slots: 0x0000000cf9dfe350 is pointing into the stack for thread: 0x0000017d5e5d4db0
stack at sp + 2 slots: 0x0 is NULL
stack at sp + 3 slots: 0x0000000cf9dfe9a0 is pointing into the stack for thread: 0x0000017d5e5d4db0
stack at sp + 4 slots: 0x0000000cf9dfded0 is pointing into the stack for thread: 0x0000017d5e5d4db0
stack at sp + 5 slots: 0x00007ffece3f7df8 jvm.dll
stack at sp + 6 slots: 0x0000b5eb41acf88c is an unknown value
stack at sp + 7 slots: 0x00007fff3c5fb91f ntdll.dll


---------------  P R O C E S S  ---------------

Threads class SMR info:
_java_thread_list=0x0000017d7dadec80, length=11, elements={
0x0000017d5e5d4db0, 0x0000017d7d072f90, 0x0000017d7d073a70, 0x0000017d7d08d400,
0x0000017d7d08fcd0, 0x0000017d7d0915a0, 0x0000017d7d098470, 0x0000017d7d09a290,
0x0000017d7d0a2ca0, 0x0000017d7dac6d10, 0x0000017d7dadf940
}

Java Threads: ( => current thread )
=>0x0000017d5e5d4db0 JavaThread "main" [_thread_in_native, id=804, stack(0x0000000cf9d00000,0x0000000cf9e00000)]
  0x0000017d7d072f90 JavaThread "Reference Handler" daemon [_thread_blocked, id=17620, stack(0x0000000cfa400000,0x0000000cfa500000)]
  0x0000017d7d073a70 JavaThread "Finalizer" daemon [_thread_blocked, id=3824, stack(0x0000000cfa500000,0x0000000cfa600000)]
  0x0000017d7d08d400 JavaThread "Signal Dispatcher" daemon [_thread_blocked, id=22028, stack(0x0000000cfa600000,0x0000000cfa700000)]
  0x0000017d7d08fcd0 JavaThread "Attach Listener" daemon [_thread_blocked, id=8660, stack(0x0000000cfa700000,0x0000000cfa800000)]
  0x0000017d7d0915a0 JavaThread "Service Thread" daemon [_thread_blocked, id=21620, stack(0x0000000cfa800000,0x0000000cfa900000)]
  0x0000017d7d098470 JavaThread "C2 CompilerThread0" daemon [_thread_blocked, id=9300, stack(0x0000000cfa900000,0x0000000cfaa00000)]
  0x0000017d7d09a290 JavaThread "C1 CompilerThread0" daemon [_thread_blocked, id=21764, stack(0x0000000cfaa00000,0x0000000cfab00000)]
  0x0000017d7d0a2ca0 JavaThread "Sweeper thread" daemon [_thread_blocked, id=18536, stack(0x0000000cfab00000,0x0000000cfac00000)]
  0x0000017d7dac6d10 JavaThread "Notification Thread" daemon [_thread_blocked, id=796, stack(0x0000000cfac00000,0x0000000cfad00000)]
  0x0000017d7dadf940 JavaThread "Common-Cleaner" daemon [_thread_blocked, id=12716, stack(0x0000000cfae00000,0x0000000cfaf00000)]

Other Threads:
  0x0000017d7d071800 VMThread "VM Thread" [stack: 0x0000000cfa300000,0x0000000cfa400000] [id=8540]
  0x0000017d7dadf220 WatcherThread [stack: 0x0000000cfad00000,0x0000000cfae00000] [id=16860]
  0x0000017d5e614a60 GCTaskThread "GC Thread#0" [stack: 0x0000000cf9e00000,0x0000000cf9f00000] [id=21656]
  0x0000017d5e626070 ConcurrentGCThread "G1 Main Marker" [stack: 0x0000000cf9f00000,0x0000000cfa000000] [id=2152]
  0x0000017d5e626bf0 ConcurrentGCThread "G1 Conc#0" [stack: 0x0000000cfa000000,0x0000000cfa100000] [id=20400]
  0x0000017d7cee40b0 ConcurrentGCThread "G1 Refine#0" [stack: 0x0000000cfa100000,0x0000000cfa200000] [id=14232]
  0x0000017d7cee4ac0 ConcurrentGCThread "G1 Young RemSet Sampling" [stack: 0x0000000cfa200000,0x0000000cfa300000] [id=4728]

Threads with active compile tasks:

VM state: not at safepoint (normal execution)

VM Mutex/Monitor currently owned by a thread: None

Heap address: 0x0000000081c00000, size: 2020 MB, Compressed Oops mode: 32-bit
CDS archive(s) mapped at: [0x0000000800000000-0x0000000800b50000-0x0000000800b50000), size 11862016, SharedBaseAddress: 0x0000000800000000, ArchiveRelocationMode: 0.
Compressed class space mapped at: 0x0000000800b50000-0x0000000840b50000, size: 1073741824
Narrow klass base: 0x0000000800000000, Narrow klass shift: 3, Narrow klass range: 0x100000000

GC Precious Log:
 CPUs: 8 total, 8 available
 Memory: 8077M
 Large Page Support: Disabled
 NUMA Support: Disabled
 Compressed Oops: Enabled (32-bit)
 Heap Region Size: 1M
 Heap Min Capacity: 8M
 Heap Initial Capacity: 128M
 Heap Max Capacity: 2020M
 Pre-touch: Disabled
 Parallel Workers: 8
 Concurrent Workers: 2
 Concurrent Refinement Workers: 8
 Periodic GC: Disabled

Heap:
 garbage-first heap   total 131072K, used 1024K [0x0000000081c00000, 0x0000000100000000)
  region size 1024K, 2 young (2048K), 0 survivors (0K)
 Metaspace       used 609K, capacity 4804K, committed 5120K, reserved 1056768K
  class space    used 39K, capacity 432K, committed 512K, reserved 1048576K

Heap Regions: E=young(eden), S=young(survivor), O=old, HS=humongous(starts), HC=humongous(continues), CS=collection set, F=free, OA=open archive, CA=closed archive, TAMS=top-at-mark-start (previous, next)
|   0|0x0000000081c00000, 0x0000000081c00000, 0x0000000081d00000|  0%| F|  |TAMS 0x0000000081c00000, 0x0000000081c00000| Untracked 
|   1|0x0000000081d00000, 0x0000000081d00000, 0x0000000081e00000|  0%| F|  |TAMS 0x0000000081d00000, 0x0000000081d00000| Untracked 
|   2|0x0000000081e00000, 0x0000000081e00000, 0x0000000081f00000|  0%| F|  |TAMS 0x0000000081e00000, 0x0000000081e00000| Untracked 
|   3|0x0000000081f00000, 0x0000000081f00000, 0x0000000082000000|  0%| F|  |TAMS 0x0000000081f00000, 0x0000000081f00000| Untracked 
|   4|0x0000000082000000, 0x0000000082000000, 0x0000000082100000|  0%| F|  |TAMS 0x0000000082000000, 0x0000000082000000| Untracked 
|   5|0x0000000082100000, 0x0000000082100000, 0x0000000082200000|  0%| F|  |TAMS 0x0000000082100000, 0x0000000082100000| Untracked 
|   6|0x0000000082200000, 0x0000000082200000, 0x0000000082300000|  0%| F|  |TAMS 0x0000000082200000, 0x0000000082200000| Untracked 
|   7|0x0000000082300000, 0x0000000082300000, 0x0000000082400000|  0%| F|  |TAMS 0x0000000082300000, 0x0000000082300000| Untracked 
|   8|0x0000000082400000, 0x0000000082400000, 0x0000000082500000|  0%| F|  |TAMS 0x0000000082400000, 0x0000000082400000| Untracked 
|   9|0x0000000082500000, 0x0000000082500000, 0x0000000082600000|  0%| F|  |TAMS 0x0000000082500000, 0x0000000082500000| Untracked 
|  10|0x0000000082600000, 0x0000000082600000, 0x0000000082700000|  0%| F|  |TAMS 0x0000000082600000, 0x0000000082600000| Untracked 
|  11|0x0000000082700000, 0x0000000082700000, 0x0000000082800000|  0%| F|  |TAMS 0x0000000082700000, 0x0000000082700000| Untracked 
|  12|0x0000000082800000, 0x0000000082800000, 0x0000000082900000|  0%| F|  |TAMS 0x0000000082800000, 0x0000000082800000| Untracked 
|  13|0x0000000082900000, 0x0000000082900000, 0x0000000082a00000|  0%| F|  |TAMS 0x0000000082900000, 0x0000000082900000| Untracked 
|  14|0x0000000082a00000, 0x0000000082a00000, 0x0000000082b00000|  0%| F|  |TAMS 0x0000000082a00000, 0x0000000082a00000| Untracked 
|  15|0x0000000082b00000, 0x0000000082b00000, 0x0000000082c00000|  0%| F|  |TAMS 0x0000000082b00000, 0x0000000082b00000| Untracked 
|  16|0x0000000082c00000, 0x0000000082c00000, 0x0000000082d00000|  0%| F|  |TAMS 0x0000000082c00000, 0x0000000082c00000| Untracked 
|  17|0x0000000082d00000, 0x0000000082d00000, 0x0000000082e00000|  0%| F|  |TAMS 0x0000000082d00000, 0x0000000082d00000| Untracked 
|  18|0x0000000082e00000, 0x0000000082e00000, 0x0000000082f00000|  0%| F|  |TAMS 0x0000000082e00000, 0x0000000082e00000| Untracked 
|  19|0x0000000082f00000, 0x0000000082f00000, 0x0000000083000000|  0%| F|  |TAMS 0x0000000082f00000, 0x0000000082f00000| Untracked 
|  20|0x0000000083000000, 0x0000000083000000, 0x0000000083100000|  0%| F|  |TAMS 0x0000000083000000, 0x0000000083000000| Untracked 
|  21|0x0000000083100000, 0x0000000083100000, 0x0000000083200000|  0%| F|  |TAMS 0x0000000083100000, 0x0000000083100000| Untracked 
|  22|0x0000000083200000, 0x0000000083200000, 0x0000000083300000|  0%| F|  |TAMS 0x0000000083200000, 0x0000000083200000| Untracked 
|  23|0x0000000083300000, 0x0000000083300000, 0x0000000083400000|  0%| F|  |TAMS 0x0000000083300000, 0x0000000083300000| Untracked 
|  24|0x0000000083400000, 0x0000000083400000, 0x0000000083500000|  0%| F|  |TAMS 0x0000000083400000, 0x0000000083400000| Untracked 
|  25|0x0000000083500000, 0x0000000083500000, 0x0000000083600000|  0%| F|  |TAMS 0x0000000083500000, 0x0000000083500000| Untracked 
|  26|0x0000000083600000, 0x0000000083600000, 0x0000000083700000|  0%| F|  |TAMS 0x0000000083600000, 0x0000000083600000| Untracked 
|  27|0x0000000083700000, 0x0000000083700000, 0x0000000083800000|  0%| F|  |TAMS 0x0000000083700000, 0x0000000083700000| Untracked 
|  28|0x0000000083800000, 0x0000000083800000, 0x0000000083900000|  0%| F|  |TAMS 0x0000000083800000, 0x0000000083800000| Untracked 
|  29|0x0000000083900000, 0x0000000083900000, 0x0000000083a00000|  0%| F|  |TAMS 0x0000000083900000, 0x0000000083900000| Untracked 
|  30|0x0000000083a00000, 0x0000000083a00000, 0x0000000083b00000|  0%| F|  |TAMS 0x0000000083a00000, 0x0000000083a00000| Untracked 
|  31|0x0000000083b00000, 0x0000000083b00000, 0x0000000083c00000|  0%| F|  |TAMS 0x0000000083b00000, 0x0000000083b00000| Untracked 
|  32|0x0000000083c00000, 0x0000000083c00000, 0x0000000083d00000|  0%| F|  |TAMS 0x0000000083c00000, 0x0000000083c00000| Untracked 
|  33|0x0000000083d00000, 0x0000000083d00000, 0x0000000083e00000|  0%| F|  |TAMS 0x0000000083d00000, 0x0000000083d00000| Untracked 
|  34|0x0000000083e00000, 0x0000000083e00000, 0x0000000083f00000|  0%| F|  |TAMS 0x0000000083e00000, 0x0000000083e00000| Untracked 
|  35|0x0000000083f00000, 0x0000000083f00000, 0x0000000084000000|  0%| F|  |TAMS 0x0000000083f00000, 0x0000000083f00000| Untracked 
|  36|0x0000000084000000, 0x0000000084000000, 0x0000000084100000|  0%| F|  |TAMS 0x0000000084000000, 0x0000000084000000| Untracked 
|  37|0x0000000084100000, 0x0000000084100000, 0x0000000084200000|  0%| F|  |TAMS 0x0000000084100000, 0x0000000084100000| Untracked 
|  38|0x0000000084200000, 0x0000000084200000, 0x0000000084300000|  0%| F|  |TAMS 0x0000000084200000, 0x0000000084200000| Untracked 
|  39|0x0000000084300000, 0x0000000084300000, 0x0000000084400000|  0%| F|  |TAMS 0x0000000084300000, 0x0000000084300000| Untracked 
|  40|0x0000000084400000, 0x0000000084400000, 0x0000000084500000|  0%| F|  |TAMS 0x0000000084400000, 0x0000000084400000| Untracked 
|  41|0x0000000084500000, 0x0000000084500000, 0x0000000084600000|  0%| F|  |TAMS 0x0000000084500000, 0x0000000084500000| Untracked 
|  42|0x0000000084600000, 0x0000000084600000, 0x0000000084700000|  0%| F|  |TAMS 0x0000000084600000, 0x0000000084600000| Untracked 
|  43|0x0000000084700000, 0x0000000084700000, 0x0000000084800000|  0%| F|  |TAMS 0x0000000084700000, 0x0000000084700000| Untracked 
|  44|0x0000000084800000, 0x0000000084800000, 0x0000000084900000|  0%| F|  |TAMS 0x0000000084800000, 0x0000000084800000| Untracked 
|  45|0x0000000084900000, 0x0000000084900000, 0x0000000084a00000|  0%| F|  |TAMS 0x0000000084900000, 0x0000000084900000| Untracked 
|  46|0x0000000084a00000, 0x0000000084a00000, 0x0000000084b00000|  0%| F|  |TAMS 0x0000000084a00000, 0x0000000084a00000| Untracked 
|  47|0x0000000084b00000, 0x0000000084b00000, 0x0000000084c00000|  0%| F|  |TAMS 0x0000000084b00000, 0x0000000084b00000| Untracked 
|  48|0x0000000084c00000, 0x0000000084c00000, 0x0000000084d00000|  0%| F|  |TAMS 0x0000000084c00000, 0x0000000084c00000| Untracked 
|  49|0x0000000084d00000, 0x0000000084d00000, 0x0000000084e00000|  0%| F|  |TAMS 0x0000000084d00000, 0x0000000084d00000| Untracked 
|  50|0x0000000084e00000, 0x0000000084e00000, 0x0000000084f00000|  0%| F|  |TAMS 0x0000000084e00000, 0x0000000084e00000| Untracked 
|  51|0x0000000084f00000, 0x0000000084f00000, 0x0000000085000000|  0%| F|  |TAMS 0x0000000084f00000, 0x0000000084f00000| Untracked 
|  52|0x0000000085000000, 0x0000000085000000, 0x0000000085100000|  0%| F|  |TAMS 0x0000000085000000, 0x0000000085000000| Untracked 
|  53|0x0000000085100000, 0x0000000085100000, 0x0000000085200000|  0%| F|  |TAMS 0x0000000085100000, 0x0000000085100000| Untracked 
|  54|0x0000000085200000, 0x0000000085200000, 0x0000000085300000|  0%| F|  |TAMS 0x0000000085200000, 0x0000000085200000| Untracked 
|  55|0x0000000085300000, 0x0000000085300000, 0x0000000085400000|  0%| F|  |TAMS 0x0000000085300000, 0x0000000085300000| Untracked 
|  56|0x0000000085400000, 0x0000000085400000, 0x0000000085500000|  0%| F|  |TAMS 0x0000000085400000, 0x0000000085400000| Untracked 
|  57|0x0000000085500000, 0x0000000085500000, 0x0000000085600000|  0%| F|  |TAMS 0x0000000085500000, 0x0000000085500000| Untracked 
|  58|0x0000000085600000, 0x0000000085600000, 0x0000000085700000|  0%| F|  |TAMS 0x0000000085600000, 0x0000000085600000| Untracked 
|  59|0x0000000085700000, 0x0000000085700000, 0x0000000085800000|  0%| F|  |TAMS 0x0000000085700000, 0x0000000085700000| Untracked 
|  60|0x0000000085800000, 0x0000000085800000, 0x0000000085900000|  0%| F|  |TAMS 0x0000000085800000, 0x0000000085800000| Untracked 
|  61|0x0000000085900000, 0x0000000085900000, 0x0000000085a00000|  0%| F|  |TAMS 0x0000000085900000, 0x0000000085900000| Untracked 
|  62|0x0000000085a00000, 0x0000000085a00000, 0x0000000085b00000|  0%| F|  |TAMS 0x0000000085a00000, 0x0000000085a00000| Untracked 
|  63|0x0000000085b00000, 0x0000000085b00000, 0x0000000085c00000|  0%| F|  |TAMS 0x0000000085b00000, 0x0000000085b00000| Untracked 
|  64|0x0000000085c00000, 0x0000000085c00000, 0x0000000085d00000|  0%| F|  |TAMS 0x0000000085c00000, 0x0000000085c00000| Untracked 
|  65|0x0000000085d00000, 0x0000000085d00000, 0x0000000085e00000|  0%| F|  |TAMS 0x0000000085d00000, 0x0000000085d00000| Untracked 
|  66|0x0000000085e00000, 0x0000000085e00000, 0x0000000085f00000|  0%| F|  |TAMS 0x0000000085e00000, 0x0000000085e00000| Untracked 
|  67|0x0000000085f00000, 0x0000000085f00000, 0x0000000086000000|  0%| F|  |TAMS 0x0000000085f00000, 0x0000000085f00000| Untracked 
|  68|0x0000000086000000, 0x0000000086000000, 0x0000000086100000|  0%| F|  |TAMS 0x0000000086000000, 0x0000000086000000| Untracked 
|  69|0x0000000086100000, 0x0000000086100000, 0x0000000086200000|  0%| F|  |TAMS 0x0000000086100000, 0x0000000086100000| Untracked 
|  70|0x0000000086200000, 0x0000000086200000, 0x0000000086300000|  0%| F|  |TAMS 0x0000000086200000, 0x0000000086200000| Untracked 
|  71|0x0000000086300000, 0x0000000086300000, 0x0000000086400000|  0%| F|  |TAMS 0x0000000086300000, 0x0000000086300000| Untracked 
|  72|0x0000000086400000, 0x0000000086400000, 0x0000000086500000|  0%| F|  |TAMS 0x0000000086400000, 0x0000000086400000| Untracked 
|  73|0x0000000086500000, 0x0000000086500000, 0x0000000086600000|  0%| F|  |TAMS 0x0000000086500000, 0x0000000086500000| Untracked 
|  74|0x0000000086600000, 0x0000000086600000, 0x0000000086700000|  0%| F|  |TAMS 0x0000000086600000, 0x0000000086600000| Untracked 
|  75|0x0000000086700000, 0x0000000086700000, 0x0000000086800000|  0%| F|  |TAMS 0x0000000086700000, 0x0000000086700000| Untracked 
|  76|0x0000000086800000, 0x0000000086800000, 0x0000000086900000|  0%| F|  |TAMS 0x0000000086800000, 0x0000000086800000| Untracked 
|  77|0x0000000086900000, 0x0000000086900000, 0x0000000086a00000|  0%| F|  |TAMS 0x0000000086900000, 0x0000000086900000| Untracked 
|  78|0x0000000086a00000, 0x0000000086a00000, 0x0000000086b00000|  0%| F|  |TAMS 0x0000000086a00000, 0x0000000086a00000| Untracked 
|  79|0x0000000086b00000, 0x0000000086b00000, 0x0000000086c00000|  0%| F|  |TAMS 0x0000000086b00000, 0x0000000086b00000| Untracked 
|  80|0x0000000086c00000, 0x0000000086c00000, 0x0000000086d00000|  0%| F|  |TAMS 0x0000000086c00000, 0x0000000086c00000| Untracked 
|  81|0x0000000086d00000, 0x0000000086d00000, 0x0000000086e00000|  0%| F|  |TAMS 0x0000000086d00000, 0x0000000086d00000| Untracked 
|  82|0x0000000086e00000, 0x0000000086e00000, 0x0000000086f00000|  0%| F|  |TAMS 0x0000000086e00000, 0x0000000086e00000| Untracked 
|  83|0x0000000086f00000, 0x0000000086f00000, 0x0000000087000000|  0%| F|  |TAMS 0x0000000086f00000, 0x0000000086f00000| Untracked 
|  84|0x0000000087000000, 0x0000000087000000, 0x0000000087100000|  0%| F|  |TAMS 0x0000000087000000, 0x0000000087000000| Untracked 
|  85|0x0000000087100000, 0x0000000087100000, 0x0000000087200000|  0%| F|  |TAMS 0x0000000087100000, 0x0000000087100000| Untracked 
|  86|0x0000000087200000, 0x0000000087200000, 0x0000000087300000|  0%| F|  |TAMS 0x0000000087200000, 0x0000000087200000| Untracked 
|  87|0x0000000087300000, 0x0000000087300000, 0x0000000087400000|  0%| F|  |TAMS 0x0000000087300000, 0x0000000087300000| Untracked 
|  88|0x0000000087400000, 0x0000000087400000, 0x0000000087500000|  0%| F|  |TAMS 0x0000000087400000, 0x0000000087400000| Untracked 
|  89|0x0000000087500000, 0x0000000087500000, 0x0000000087600000|  0%| F|  |TAMS 0x0000000087500000, 0x0000000087500000| Untracked 
|  90|0x0000000087600000, 0x0000000087600000, 0x0000000087700000|  0%| F|  |TAMS 0x0000000087600000, 0x0000000087600000| Untracked 
|  91|0x0000000087700000, 0x0000000087700000, 0x0000000087800000|  0%| F|  |TAMS 0x0000000087700000, 0x0000000087700000| Untracked 
|  92|0x0000000087800000, 0x0000000087800000, 0x0000000087900000|  0%| F|  |TAMS 0x0000000087800000, 0x0000000087800000| Untracked 
|  93|0x0000000087900000, 0x0000000087900000, 0x0000000087a00000|  0%| F|  |TAMS 0x0000000087900000, 0x0000000087900000| Untracked 
|  94|0x0000000087a00000, 0x0000000087a00000, 0x0000000087b00000|  0%| F|  |TAMS 0x0000000087a00000, 0x0000000087a00000| Untracked 
|  95|0x0000000087b00000, 0x0000000087b00000, 0x0000000087c00000|  0%| F|  |TAMS 0x0000000087b00000, 0x0000000087b00000| Untracked 
|  96|0x0000000087c00000, 0x0000000087c00000, 0x0000000087d00000|  0%| F|  |TAMS 0x0000000087c00000, 0x0000000087c00000| Untracked 
|  97|0x0000000087d00000, 0x0000000087d00000, 0x0000000087e00000|  0%| F|  |TAMS 0x0000000087d00000, 0x0000000087d00000| Untracked 
|  98|0x0000000087e00000, 0x0000000087e00000, 0x0000000087f00000|  0%| F|  |TAMS 0x0000000087e00000, 0x0000000087e00000| Untracked 
|  99|0x0000000087f00000, 0x0000000087f00000, 0x0000000088000000|  0%| F|  |TAMS 0x0000000087f00000, 0x0000000087f00000| Untracked 
| 100|0x0000000088000000, 0x0000000088000000, 0x0000000088100000|  0%| F|  |TAMS 0x0000000088000000, 0x0000000088000000| Untracked 
| 101|0x0000000088100000, 0x0000000088100000, 0x0000000088200000|  0%| F|  |TAMS 0x0000000088100000, 0x0000000088100000| Untracked 
| 102|0x0000000088200000, 0x0000000088200000, 0x0000000088300000|  0%| F|  |TAMS 0x0000000088200000, 0x0000000088200000| Untracked 
| 103|0x0000000088300000, 0x0000000088300000, 0x0000000088400000|  0%| F|  |TAMS 0x0000000088300000, 0x0000000088300000| Untracked 
| 104|0x0000000088400000, 0x0000000088400000, 0x0000000088500000|  0%| F|  |TAMS 0x0000000088400000, 0x0000000088400000| Untracked 
| 105|0x0000000088500000, 0x0000000088500000, 0x0000000088600000|  0%| F|  |TAMS 0x0000000088500000, 0x0000000088500000| Untracked 
| 106|0x0000000088600000, 0x0000000088600000, 0x0000000088700000|  0%| F|  |TAMS 0x0000000088600000, 0x0000000088600000| Untracked 
| 107|0x0000000088700000, 0x0000000088700000, 0x0000000088800000|  0%| F|  |TAMS 0x0000000088700000, 0x0000000088700000| Untracked 
| 108|0x0000000088800000, 0x0000000088800000, 0x0000000088900000|  0%| F|  |TAMS 0x0000000088800000, 0x0000000088800000| Untracked 
| 109|0x0000000088900000, 0x0000000088900000, 0x0000000088a00000|  0%| F|  |TAMS 0x0000000088900000, 0x0000000088900000| Untracked 
| 110|0x0000000088a00000, 0x0000000088a00000, 0x0000000088b00000|  0%| F|  |TAMS 0x0000000088a00000, 0x0000000088a00000| Untracked 
| 111|0x0000000088b00000, 0x0000000088b00000, 0x0000000088c00000|  0%| F|  |TAMS 0x0000000088b00000, 0x0000000088b00000| Untracked 
| 112|0x0000000088c00000, 0x0000000088c00000, 0x0000000088d00000|  0%| F|  |TAMS 0x0000000088c00000, 0x0000000088c00000| Untracked 
| 113|0x0000000088d00000, 0x0000000088d00000, 0x0000000088e00000|  0%| F|  |TAMS 0x0000000088d00000, 0x0000000088d00000| Untracked 
| 114|0x0000000088e00000, 0x0000000088e00000, 0x0000000088f00000|  0%| F|  |TAMS 0x0000000088e00000, 0x0000000088e00000| Untracked 
| 115|0x0000000088f00000, 0x0000000088f00000, 0x0000000089000000|  0%| F|  |TAMS 0x0000000088f00000, 0x0000000088f00000| Untracked 
| 116|0x0000000089000000, 0x0000000089000000, 0x0000000089100000|  0%| F|  |TAMS 0x0000000089000000, 0x0000000089000000| Untracked 
| 117|0x0000000089100000, 0x0000000089100000, 0x0000000089200000|  0%| F|  |TAMS 0x0000000089100000, 0x0000000089100000| Untracked 
| 118|0x0000000089200000, 0x0000000089200000, 0x0000000089300000|  0%| F|  |TAMS 0x0000000089200000, 0x0000000089200000| Untracked 
| 119|0x0000000089300000, 0x0000000089300000, 0x0000000089400000|  0%| F|  |TAMS 0x0000000089300000, 0x0000000089300000| Untracked 
| 120|0x0000000089400000, 0x0000000089400000, 0x0000000089500000|  0%| F|  |TAMS 0x0000000089400000, 0x0000000089400000| Untracked 
| 121|0x0000000089500000, 0x0000000089500000, 0x0000000089600000|  0%| F|  |TAMS 0x0000000089500000, 0x0000000089500000| Untracked 
| 122|0x0000000089600000, 0x0000000089600000, 0x0000000089700000|  0%| F|  |TAMS 0x0000000089600000, 0x0000000089600000| Untracked 
| 123|0x0000000089700000, 0x0000000089700000, 0x0000000089800000|  0%| F|  |TAMS 0x0000000089700000, 0x0000000089700000| Untracked 
| 124|0x0000000089800000, 0x0000000089800000, 0x0000000089900000|  0%| F|  |TAMS 0x0000000089800000, 0x0000000089800000| Untracked 
| 125|0x0000000089900000, 0x0000000089900000, 0x0000000089a00000|  0%| F|  |TAMS 0x0000000089900000, 0x0000000089900000| Untracked 
| 126|0x0000000089a00000, 0x0000000089aec498, 0x0000000089b00000| 92%| E|  |TAMS 0x0000000089a00000, 0x0000000089a00000| Complete 
| 127|0x0000000089b00000, 0x0000000089c00000, 0x0000000089c00000|100%| E|CS|TAMS 0x0000000089b00000, 0x0000000089b00000| Complete 

Card table byte_map: [0x0000017d75f30000,0x0000017d76330000] _byte_map_base: 0x0000017d75b22000

Marking Bits (Prev, Next): (CMBitMap*) 0x0000017d5e6151e0, (CMBitMap*) 0x0000017d5e615220
 Prev Bits: [0x0000017d76730000, 0x0000017d786c0000)
 Next Bits: [0x0000017d786c0000, 0x0000017d7a650000)

Polling page: 0x0000017d5c740000

Metaspace:

Usage:
  Non-class:      4.27 MB capacity,   569.80 KB ( 13%) used,     3.71 MB ( 87%) free+waste,     1.38 KB ( <1%) overhead. 
      Class:    432.00 KB capacity,    39.23 KB (  9%) used,   391.89 KB ( 91%) free+waste,   896 bytes ( <1%) overhead. 
       Both:      4.69 MB capacity,   609.03 KB ( 13%) used,     4.09 MB ( 87%) free+waste,     2.25 KB ( <1%) overhead. 

Virtual space:
  Non-class space:        8.00 MB reserved,       4.50 MB ( 56%) committed 
      Class space:        1.00 GB reserved,     512.00 KB ( <1%) committed 
             Both:        1.01 GB reserved,       5.00 MB ( <1%) committed 

Chunk freelists:
   Non-Class:  44.00 KB
       Class:  16.00 KB
        Both:  60.00 KB

MaxMetaspaceSize: 17179869184.00 GB
CompressedClassSpaceSize: 1.00 GB

CodeHeap 'non-profiled nmethods': size=120000Kb used=53Kb max_used=53Kb free=119946Kb
 bounds [0x0000017d6e2d0000, 0x0000017d6e540000, 0x0000017d75800000]
CodeHeap 'profiled nmethods': size=120000Kb used=164Kb max_used=164Kb free=119835Kb
 bounds [0x0000017d66da0000, 0x0000017d67010000, 0x0000017d6e2d0000]
CodeHeap 'non-nmethods': size=5760Kb used=1127Kb max_used=1127Kb free=4633Kb
 bounds [0x0000017d66800000, 0x0000017d66a70000, 0x0000017d66da0000]
 total_blobs=532 nmethods=161 adapters=284
 compilation: enabled
              stopped_count=0, restarted_count=0
 full_count=0

Compilation events (20 events):
Event: 0.081 Thread 0x0000017d7d09a290  152       3       java.lang.StringLatin1::newString (24 bytes)
Event: 0.081 Thread 0x0000017d7d09a290 nmethod 152 0x0000017d66dc7690 code [0x0000017d66dc7840, 0x0000017d66dc7b48]
Event: 0.081 Thread 0x0000017d7d09a290  151       1       java.lang.invoke.LambdaForm$Name::index (5 bytes)
Event: 0.081 Thread 0x0000017d7d09a290 nmethod 151 0x0000017d6e2dc010 code [0x0000017d6e2dc1a0, 0x0000017d6e2dc258]
Event: 0.081 Thread 0x0000017d7d09a290  150       1       java.lang.invoke.MethodTypeForm::parameterSlotCount (5 bytes)
Event: 0.081 Thread 0x0000017d7d09a290 nmethod 150 0x0000017d6e2dc310 code [0x0000017d6e2dc4a0, 0x0000017d6e2dc558]
Event: 0.081 Thread 0x0000017d7d09a290  154       1       java.lang.invoke.MethodType$ConcurrentWeakInternSet$WeakEntry::hashCode (5 bytes)
Event: 0.082 Thread 0x0000017d7d09a290 nmethod 154 0x0000017d6e2dcc10 code [0x0000017d6e2dcda0, 0x0000017d6e2dce58]
Event: 0.082 Thread 0x0000017d7d09a290  156       3       java.lang.invoke.LambdaForm::argument (27 bytes)
Event: 0.082 Thread 0x0000017d7d09a290 nmethod 156 0x0000017d66dc7c90 code [0x0000017d66dc7e40, 0x0000017d66dc8088]
Event: 0.082 Thread 0x0000017d7d09a290  157       3       java.lang.invoke.LambdaForm$Name::initIndex (26 bytes)
Event: 0.082 Thread 0x0000017d7d09a290 nmethod 157 0x0000017d66dc8210 code [0x0000017d66dc83a0, 0x0000017d66dc8538]
Event: 0.083 Thread 0x0000017d7d09a290  158       3       java.lang.String::isEmpty (14 bytes)
Event: 0.083 Thread 0x0000017d7d09a290 nmethod 158 0x0000017d66dc8610 code [0x0000017d66dc87a0, 0x0000017d66dc88f8]
Event: 0.085 Thread 0x0000017d7d098470  159       4       java.lang.Object::<init> (1 bytes)
Event: 0.085 Thread 0x0000017d7d09a290  160       3       java.lang.StringLatin1::lastIndexOf (40 bytes)
Event: 0.085 Thread 0x0000017d7d09a290 nmethod 160 0x0000017d66dc8990 code [0x0000017d66dc8b60, 0x0000017d66dc8f18]
Event: 0.085 Thread 0x0000017d7d09a290  161       1       java.util.zip.Inflater$InflaterZStreamRef::address (5 bytes)
Event: 0.085 Thread 0x0000017d7d09a290 nmethod 161 0x0000017d6e2dcf10 code [0x0000017d6e2dd0a0, 0x0000017d6e2dd158]
Event: 0.085 Thread 0x0000017d7d098470 nmethod 159 0x0000017d6e2dd210 code [0x0000017d6e2dd380, 0x0000017d6e2dd418]

GC Heap History (0 events):
No events

Deoptimization events (4 events):
Event: 0.064 Thread 0x0000017d5e5d4db0 Uncommon trap: trap_request=0xffffff45 fr.pc=0x0000017d6e2d4048 relative=0x0000000000000228
Event: 0.064 Thread 0x0000017d5e5d4db0 Uncommon trap: reason=unstable_if action=reinterpret pc=0x0000017d6e2d4048 method=java.lang.String.hashCode()I @ 13 c2
Event: 0.064 Thread 0x0000017d5e5d4db0 DEOPT PACKING pc=0x0000017d6e2d4048 sp=0x0000000cf9dfded0
Event: 0.064 Thread 0x0000017d5e5d4db0 DEOPT UNPACKING pc=0x0000017d6684e42f sp=0x0000000cf9dfde60 mode 2

Classes unloaded (0 events):
No events

Classes redefined (0 events):
No events

Internal exceptions (0 events):
No events

Events (20 events):
Event: 0.062 loading class sun/nio/cs/ThreadLocalCoders$1 done
Event: 0.062 loading class sun/nio/cs/ThreadLocalCoders$2
Event: 0.062 loading class sun/nio/cs/ThreadLocalCoders$2 done
Event: 0.062 loading class sun/nio/cs/UTF_8$Decoder
Event: 0.062 loading class sun/nio/cs/UTF_8$Decoder done
Event: 0.071 loading class java/lang/invoke/BoundMethodHandle$Species_LL
Event: 0.071 loading class java/lang/invoke/BoundMethodHandle$Species_LL done
Event: 0.077 loading class java/lang/invoke/BoundMethodHandle$Species_LLL
Event: 0.078 loading class java/lang/invoke/BoundMethodHandle$Species_LLL done
Event: 0.079 loading class java/lang/invoke/BoundMethodHandle$Species_LJ
Event: 0.079 loading class java/lang/invoke/BoundMethodHandle$Species_LJ done
Event: 0.080 loading class java/lang/invoke/BoundMethodHandle$Species_LLLL
Event: 0.080 loading class java/lang/invoke/BoundMethodHandle$Species_LLLL done
Event: 0.083 Executing VM operation: HandshakeAllThreads
Event: 0.083 Executing VM operation: HandshakeAllThreads done
Event: 0.084 Executing VM operation: HandshakeAllThreads
Event: 0.084 Executing VM operation: HandshakeAllThreads done
Event: 0.086 loading class java/lang/UnsatisfiedLinkError
Event: 0.086 loading class java/lang/UnsatisfiedLinkError done
Event: 0.092 Loaded shared library D:\programs\WeBot\Webots\lib\controller\java\JavaController.dll


Dynamic libraries:
0x00007ff734180000 - 0x00007ff73418f000 	C:\Program Files\Java\jdk-15.0.1\bin\javaw.exe
0x00007fff3c5c0000 - 0x00007fff3c7b0000 	C:\WINDOWS\SYSTEM32\ntdll.dll
0x00007fff3bba0000 - 0x00007fff3bc52000 	C:\WINDOWS\System32\KERNEL32.DLL
0x00007fff3a220000 - 0x00007fff3a4c5000 	C:\WINDOWS\System32\KERNELBASE.dll
0x00007fff39570000 - 0x00007fff3966a000 	C:\WINDOWS\System32\ucrtbase.dll
0x00007fff2c110000 - 0x00007fff2c128000 	C:\Program Files\Java\jdk-15.0.1\bin\jli.dll
0x00007fff2a4e0000 - 0x00007fff2a4f9000 	C:\Program Files\Java\jdk-15.0.1\bin\VCRUNTIME140.dll
0x00007fff3baf0000 - 0x00007fff3bb93000 	C:\WINDOWS\System32\ADVAPI32.dll
0x00007fff3bc60000 - 0x00007fff3bcfe000 	C:\WINDOWS\System32\msvcrt.dll
0x00007fff3c200000 - 0x00007fff3c297000 	C:\WINDOWS\System32\sechost.dll
0x00007fff3be50000 - 0x00007fff3bf6f000 	C:\WINDOWS\System32\RPCRT4.dll
0x00007fff3a7b0000 - 0x00007fff3a944000 	C:\WINDOWS\System32\USER32.dll
0x00007fff1ea00000 - 0x00007fff1ec84000 	C:\WINDOWS\WinSxS\amd64_microsoft.windows.common-controls_6595b64144ccf1df_6.0.18362.1316_none_9e7a364fe461dbd7\COMCTL32.dll
0x00007fff39870000 - 0x00007fff39891000 	C:\WINDOWS\System32\win32u.dll
0x00007fff3aa00000 - 0x00007fff3ad37000 	C:\WINDOWS\System32\combase.dll
0x00007fff3ad40000 - 0x00007fff3ad66000 	C:\WINDOWS\System32\GDI32.dll
0x00007fff3a4d0000 - 0x00007fff3a668000 	C:\WINDOWS\System32\gdi32full.dll
0x00007fff398f0000 - 0x00007fff39971000 	C:\WINDOWS\System32\bcryptPrimitives.dll
0x00007fff39980000 - 0x00007fff39a1e000 	C:\WINDOWS\System32\msvcp_win.dll
0x00007fff38580000 - 0x00007fff3858a000 	C:\WINDOWS\SYSTEM32\VERSION.dll
0x00007fff3bdb0000 - 0x00007fff3bdde000 	C:\WINDOWS\System32\IMM32.DLL
0x00007fff35740000 - 0x00007fff3574c000 	C:\Program Files\Java\jdk-15.0.1\bin\vcruntime140_1.dll
0x00007fff16950000 - 0x00007fff169e1000 	C:\Program Files\Java\jdk-15.0.1\bin\msvcp140.dll
0x00007ffece210000 - 0x00007ffeced6e000 	C:\Program Files\Java\jdk-15.0.1\bin\server\jvm.dll
0x00007fff3c410000 - 0x00007fff3c418000 	C:\WINDOWS\System32\PSAPI.DLL
0x00007fff1e210000 - 0x00007fff1e219000 	C:\WINDOWS\SYSTEM32\WSOCK32.dll
0x00007fff35490000 - 0x00007fff354b4000 	C:\WINDOWS\SYSTEM32\WINMM.dll
0x00007fff3c4f0000 - 0x00007fff3c55f000 	C:\WINDOWS\System32\WS2_32.dll
0x00007fff35430000 - 0x00007fff3545d000 	C:\WINDOWS\SYSTEM32\WINMMBASE.dll
0x00007fff398a0000 - 0x00007fff398ea000 	C:\WINDOWS\System32\cfgmgr32.dll
0x00007fff39520000 - 0x00007fff39531000 	C:\WINDOWS\System32\kernel.appcore.dll
0x00007fff354d0000 - 0x00007fff354da000 	C:\Program Files\Java\jdk-15.0.1\bin\jimage.dll
0x00007fff2be60000 - 0x00007fff2c054000 	C:\WINDOWS\SYSTEM32\DBGHELP.DLL
0x00007fff2be30000 - 0x00007fff2be5a000 	C:\WINDOWS\SYSTEM32\dbgcore.DLL
0x00007fff26b90000 - 0x00007fff26bb5000 	C:\Program Files\Java\jdk-15.0.1\bin\java.dll
0x00007fff3b400000 - 0x00007fff3bae8000 	C:\WINDOWS\System32\SHELL32.dll
0x00007fff3bd00000 - 0x00007fff3bda7000 	C:\WINDOWS\System32\shcore.dll
0x00007fff39a80000 - 0x00007fff3a1fb000 	C:\WINDOWS\System32\windows.storage.dll
0x00007fff39480000 - 0x00007fff394a3000 	C:\WINDOWS\System32\profapi.dll
0x00007fff394b0000 - 0x00007fff394fa000 	C:\WINDOWS\System32\powrprof.dll
0x00007fff39470000 - 0x00007fff39480000 	C:\WINDOWS\System32\UMPDC.dll
0x00007fff3bde0000 - 0x00007fff3be32000 	C:\WINDOWS\System32\shlwapi.dll
0x00007fff3a200000 - 0x00007fff3a217000 	C:\WINDOWS\System32\cryptsp.dll
0x00007fff26b70000 - 0x00007fff26b89000 	C:\Program Files\Java\jdk-15.0.1\bin\net.dll
0x00007fff311d0000 - 0x00007fff312c0000 	C:\WINDOWS\SYSTEM32\WINHTTP.dll
0x00007fff38c00000 - 0x00007fff38c67000 	C:\WINDOWS\system32\mswsock.dll
0x00007fff26a40000 - 0x00007fff26a52000 	C:\Program Files\Java\jdk-15.0.1\bin\nio.dll
0x00007fff26a20000 - 0x00007fff26a38000 	C:\Program Files\Java\jdk-15.0.1\bin\zip.dll
0x000000006e780000 - 0x000000006e7c0000 	D:\programs\WeBot\Webots\lib\controller\java\JavaController.dll
0x0000000061440000 - 0x000000006145c000 	D:\programs\WeBot\Webots\msys64\mingw64\bin\cpp\libgcc_s_seh-1.dll
0x000000006fc40000 - 0x000000006fdf1000 	D:\programs\WeBot\Webots\msys64\mingw64\bin\cpp\libstdc++-6.dll
0x0000000064940000 - 0x0000000064956000 	D:\programs\WeBot\Webots\msys64\mingw64\bin\cpp\libwinpthread-1.dll
0x0000000064f40000 - 0x0000000064fac000 	D:\programs\WeBot\Webots\lib\controller\CppController.dll
0x000000006aa40000 - 0x000000006aac8000 	D:\programs\WeBot\Webots\lib\controller\Controller.dll

dbghelp: loaded successfully - version: 4.0.5 - missing functions: none
symbol engine: initialized successfully - sym options: 0x614 - pdb path: .;C:\Program Files\Java\jdk-15.0.1\bin;C:\WINDOWS\SYSTEM32;C:\WINDOWS\WinSxS\amd64_microsoft.windows.common-controls_6595b64144ccf1df_6.0.18362.1316_none_9e7a364fe461dbd7;C:\Program Files\Java\jdk-15.0.1\bin\server;D:\programs\WeBot\Webots\lib\controller\java;D:\programs\WeBot\Webots\msys64\mingw64\bin\cpp;D:\programs\WeBot\Webots\lib\controller

VM Arguments:
jvm_args: -Djava.library.path=D:/programs/WeBot/Webots/lib/controller/java 
java_command: FFTController
java_class_path (initial): D:/programs/WeBot/Webots/lib/controller/java/Controller.jar;D:/Documents/uni/Project 3-1/Project 3-1 Git/webots/controllers//FFTController/FFTController.jar
Launcher Type: SUN_STANDARD

[Global flags]
     intx CICompilerCount                          = 4                                         {product} {ergonomic}
     uint ConcGCThreads                            = 2                                         {product} {ergonomic}
     uint G1ConcRefinementThreads                  = 8                                         {product} {ergonomic}
   size_t G1HeapRegionSize                         = 1048576                                   {product} {ergonomic}
    uintx GCDrainStackTargetSize                   = 64                                        {product} {ergonomic}
   size_t InitialHeapSize                          = 134217728                                 {product} {ergonomic}
   size_t MarkStackSize                            = 4194304                                   {product} {ergonomic}
   size_t MaxHeapSize                              = 2118123520                                {product} {ergonomic}
   size_t MaxNewSize                               = 1270874112                                {product} {ergonomic}
   size_t MinHeapDeltaBytes                        = 1048576                                   {product} {ergonomic}
   size_t MinHeapSize                              = 8388608                                   {product} {ergonomic}
    uintx NonNMethodCodeHeapSize                   = 5839372                                {pd product} {ergonomic}
    uintx NonProfiledCodeHeapSize                  = 122909434                              {pd product} {ergonomic}
    uintx ProfiledCodeHeapSize                     = 122909434                              {pd product} {ergonomic}
    uintx ReservedCodeCacheSize                    = 251658240                              {pd product} {ergonomic}
     bool SegmentedCodeCache                       = true                                      {product} {ergonomic}
   size_t SoftMaxHeapSize                          = 2118123520                             {manageable} {ergonomic}
     bool UseCompressedClassPointers               = true                                 {lp64_product} {ergonomic}
     bool UseCompressedOops                        = true                                 {lp64_product} {ergonomic}
     bool UseG1GC                                  = true                                      {product} {ergonomic}
     bool UseLargePagesIndividualAllocation        = false                                  {pd product} {ergonomic}

Logging:
Log output configuration:
 #0: stdout all=warning uptime,level,tags
 #1: stderr all=off uptime,level,tags

Environment Variables:
PATH=D:\programs\WeBot\Webots\msys64\mingw64\bin\cpp;C:\Program Files\Common Files\Oracle\Java\javapath;D:\programs\Python\python.exe;C:\Program Files\Java\jdk-15.0.1\bin;C:\Users\merij\AppData\Roaming\Python\Python37\Scripts;D:\programs\calibre\;C:\Windows\System32;D:\Documents\uni\matlab\bin;D:\programs\Git\cmd;C:\Program Files (x86)\NVIDIA Corporation\PhysX\Common;C:\Program Files\NVIDIA Corporation\NVIDIA NvDLISR;C:\WINDOWS\system32;C:\WINDOWS;C:\WINDOWS\System32\Wbem;C:\WINDOWS\System32\WindowsPowerShell\v1.0\;C:\WINDOWS\System32\OpenSSH\;C:\Program Files\PostgreSQL\12\bin\bin;C:\Program Files\PostgreSQL\12\lib;C:\ProgramData\Microsoft\Windows\Start Menu\Programs\PostgreSQL 12;D:\programs\Putty\;C:\Program Files\Docker\Docker\resources\bin;C:\ProgramData\DockerDesktop\version-bin;D:\programs\Ruby\Ruby26-x64\bin;D:\programs\Python\;D:\programs\Python\Scripts\;"C:\Users\merij\AppData\Local\Microsoft\WindowsApps\;C:\Program Files\Java\jdk-10.0.2\bin\";D:\programs\Microsoft VS Code\bin;C:\Users\merij\AppData\Local\GitHubDesktop\bin;C:\Users\merij\AppData\Local\atom\bin;D:\programs\MiKTeX\miktex\bin\x64\;D:\programs\intellij\IntelliJ IDEA Community Edition 2019.1\bin;C:\Users\merij\Desktop\allerlei;C:\Users\merij\AppData\Local\Microsoft\WindowsApps;D:\programs\pycharm\PyCharm 2019.3.3\bin;D:\programs\intellij\IntelliJ IDEA 2020.3.1\bin;D:\programs\CMake\bin;D:\programs\WeBot\Webots\lib\controller
USERNAME=merij
OS=Windows_NT
PROCESSOR_IDENTIFIER=Intel64 Family 6 Model 158 Stepping 9, GenuineIntel



---------------  S Y S T E M  ---------------

OS:
 Windows 10 , 64 bit Build 18362 (10.0.18362.1316)
OS uptime: 0 days 10:02 hours
HyperV virtualization detected

CPU: total 8 (initial active 8) (4 cores per cpu, 2 threads per core) family 6 model 158 stepping 9 microcode 0xb4, cmov, cx8, fxsr, mmx, sse, sse2, sse3, ssse3, sse4.1, sse4.2, popcnt, vzeroupper, avx, avx2, aes, clmul, erms, 3dnowpref, lzcnt, ht, tsc, tscinvbit, bmi1, bmi2, adx, fma, clflush, clflushopt

Memory: 4k page, system-wide physical 8077M (1536M free)
TotalPageFile size 17805M (AvailPageFile size 4361M)
current process WorkingSet (physical memory assigned to process): 30M, peak: 30M
current process commit charge ("private bytes"): 214M, peak: 214M

vm_info: Java HotSpot(TM) 64-Bit Server VM (15.0.1+9-18) for windows-amd64 JRE (15.0.1+9-18), built on Sep 15 2020 14:43:54 by "mach5one" with unknown MS VC++:1925

END.
